<?xml version="1.0" encoding="UTF-8"?>
<!-- Generated by org.testng.reporters.JUnitReportReporter -->
<testsuite hostname="HiteshKumar" name="Report.Base" tests="1" failures="0" timestamp="4 Oct 2018 06:44:00 GMT" time="63.946" errors="0">
  <testcase name="LoginPage" time="63.946" classname="Report.Base"/>
</testsuite> <!-- Report.Base -->
